<?xml version="1.0" encoding="UTF-8"?>
<testng-results skipped="0" failed="0" ignored="0" total="1" passed="1">
  <reporter-output>
  </reporter-output>
  <suite name="Default suite" duration-ms="3364" started-at="2021-02-03T07:05:37Z" finished-at="2021-02-03T07:05:41Z">
    <groups>
    </groups>
    <test name="Default test" duration-ms="3364" started-at="2021-02-03T07:05:37Z" finished-at="2021-02-03T07:05:41Z">
      <class name="com.qa.rest.tests.GetCall">
        <test-method status="PASS" signature="test_NoOfCircuitsFor2017Season()[pri:0, instance:com.qa.rest.tests.GetCall@be2bc2]" name="test_NoOfCircuitsFor2017Season" duration-ms="3334" started-at="2021-02-03T07:05:37Z" finished-at="2021-02-03T07:05:41Z">
          <reporter-output>
          </reporter-output>
        </test-method> <!-- test_NoOfCircuitsFor2017Season -->
      </class> <!-- com.qa.rest.tests.GetCall -->
    </test> <!-- Default test -->
  </suite> <!-- Default suite -->
</testng-results>
