<?xml version="1.0" encoding="UTF-8"?>
<testng-results skipped="0" failed="0" ignored="0" total="1" passed="1">
  <reporter-output>
  </reporter-output>
  <suite name="Suite" duration-ms="19424" started-at="2021-05-19T00:24:19Z" finished-at="2021-05-19T00:24:38Z">
    <groups>
    </groups>
    <test name="AmazonTest" duration-ms="19424" started-at="2021-05-19T00:24:19Z" finished-at="2021-05-19T00:24:38Z">
      <class name="com.AmazonQA.testcases.SearchTest">
        <test-method status="PASS" signature="setup()[pri:0, instance:com.AmazonQA.testcases.SearchTest@10b40af]" name="setup" is-config="true" duration-ms="6334" started-at="2021-05-19T00:24:19Z" finished-at="2021-05-19T00:24:25Z">
          <reporter-output>
          </reporter-output>
        </test-method> <!-- setup -->
        <test-method status="PASS" signature="test()[pri:0, instance:com.AmazonQA.testcases.SearchTest@10b40af]" name="test" duration-ms="13036" started-at="2021-05-19T00:24:25Z" finished-at="2021-05-19T00:24:38Z">
          <reporter-output>
          </reporter-output>
        </test-method> <!-- test -->
        <test-method status="PASS" signature="closeLink()[pri:0, instance:com.AmazonQA.testcases.SearchTest@10b40af]" name="closeLink" is-config="true" duration-ms="0" started-at="2021-05-19T00:24:38Z" finished-at="2021-05-19T00:24:38Z">
          <reporter-output>
          </reporter-output>
        </test-method> <!-- closeLink -->
      </class> <!-- com.AmazonQA.testcases.SearchTest -->
    </test> <!-- AmazonTest -->
  </suite> <!-- Suite -->
</testng-results>
