<?xml version="1.0" encoding="UTF-8"?>
<!-- Generated by org.testng.reporters.JUnitXMLReporter -->
<testsuite hostname="LAPTOP-CQ9M7OCI" ignored="0" name="AmazonTest(failed)" tests="1" failures="1" timestamp="22 Apr 2021 22:07:14 GMT" time="6.701" errors="0">
  <testcase name="@AfterTest closeLink" time="0.0" classname="com.AmazonQA.testcases.BaseTest">
    <failure type="java.lang.NullPointerException">
      <![CDATA[java.lang.NullPointerException
at com.AmazonQA.testcases.BaseTest.closeLink(BaseTest.java:26)
... Removed 24 stack frames]]>
    </failure>
  </testcase> <!-- @AfterTest closeLink -->
  <testcase name="test" time="1.069" classname="com.AmazonQA.testcases.SearchTest">
    <failure type="java.lang.NullPointerException">
      <![CDATA[java.lang.NullPointerException
at org.openqa.selenium.support.pagefactory.DefaultElementLocator.findElement(DefaultElementLocator.java:69)
at org.openqa.selenium.support.pagefactory.internal.LocatingElementHandler.invoke(LocatingElementHandler.java:38)
at com.sun.proxy.$Proxy7.sendKeys(Unknown Source)
at com.AmazonQA.pages.search.searchItem(search.java:66)
at com.AmazonQA.testcases.SearchTest.test(SearchTest.java:9)
... Removed 25 stack frames]]>
    </failure>
  </testcase> <!-- test -->
</testsuite> <!-- AmazonTest(failed) -->
