<?xml version="1.0" encoding="UTF-8"?>
<!-- Generated by org.testng.reporters.JUnitXMLReporter -->
<testsuite hostname="LAPTOP-CQ9M7OCI" ignored="0" name="Dollar Days Test" tests="1" failures="1" timestamp="22 Apr 2021 21:55:24 GMT" time="10.511" errors="0">
  <testcase name="test" time="1.104" classname="com.AmazonQA.testcases.SearchTest">
    <failure type="java.lang.NullPointerException">
      <![CDATA[java.lang.NullPointerException
at org.openqa.selenium.support.pagefactory.DefaultElementLocator.findElement(DefaultElementLocator.java:69)
at org.openqa.selenium.support.pagefactory.internal.LocatingElementHandler.invoke(LocatingElementHandler.java:38)
at com.sun.proxy.$Proxy7.sendKeys(Unknown Source)
at com.AmazonQA.pages.search.searchItem(search.java:66)
at com.AmazonQA.testcases.SearchTest.test(SearchTest.java:9)
... Removed 25 stack frames]]>
    </failure>
  </testcase> <!-- test -->
</testsuite> <!-- Dollar Days Test -->
